<?xml version="1.0" encoding="utf-8"?><testsuites name="pytest tests"><testsuite name="pytest" errors="0" failures="0" skipped="0" tests="10" time="12.009" timestamp="2026-03-07T22:17:53.993875+00:00" hostname="agent-env-904f97ff-4298-4182-ad21-5deee0aa6444"><testcase classname="backend.tests.test_ai_face_verification.TestAIFaceVerificationEndpoint" name="test_verification_submit_returns_ai_result" time="4.789" /><testcase classname="backend.tests.test_ai_face_verification.TestAIFaceVerificationEndpoint" name="test_verification_status_reflects_ai_decision" time="1.950" /><testcase classname="backend.tests.test_ai_face_verification.TestAIVerificationStatusPaths" name="test_ai_verification_field_in_mongodb" time="0.517" /><testcase classname="backend.tests.test_ai_face_verification.TestAIVerificationStatusPaths" name="test_verified_status_means_auto_approved" time="0.676" /><testcase classname="backend.tests.test_ai_face_verification.TestAIVerificationStatusPaths" name="test_rejected_status_means_auto_rejected" time="0.629" /><testcase classname="backend.tests.test_ai_face_verification.TestAIVerificationStatusPaths" name="test_pending_status_means_manual_review" time="0.726" /><testcase classname="backend.tests.test_ai_face_verification.TestFrontendResultDisplay" name="test_verification_response_includes_display_info" time="1.988" /><testcase classname="backend.tests.test_ai_face_verification.TestVerificationAPIHealth" name="test_verification_submit_endpoint_exists" time="0.115" /><testcase classname="backend.tests.test_ai_face_verification.TestVerificationAPIHealth" name="test_verification_status_endpoint_exists" time="0.105" /><testcase classname="backend.tests.test_ai_face_verification.TestVerificationAPIHealth" name="test_admin_verifications_endpoint_exists" time="0.438" /></testsuite></testsuites>