<?xml version="1.0" encoding="utf-8"?><testsuites name="pytest tests"><testsuite name="pytest" errors="0" failures="0" skipped="0" tests="13" time="7.910" timestamp="2026-03-07T22:37:18.107358+00:00" hostname="agent-env-904f97ff-4298-4182-ad21-5deee0aa6444"><testcase classname="backend.tests.test_signup_verification_flow.TestSignupFlow" name="test_signup_creates_account_and_returns_token" time="0.361" /><testcase classname="backend.tests.test_signup_verification_flow.TestSignupFlow" name="test_signup_rejects_duplicate_email" time="0.450" /><testcase classname="backend.tests.test_signup_verification_flow.TestSignupFlow" name="test_signup_validates_password_length_on_backend" time="0.340" /><testcase classname="backend.tests.test_signup_verification_flow.TestIDTypeSelection" name="test_id_types_available" time="0.000" /><testcase classname="backend.tests.test_signup_verification_flow.TestVerificationSubmission" name="test_verification_submit_requires_auth" time="0.116" /><testcase classname="backend.tests.test_signup_verification_flow.TestVerificationSubmission" name="test_verification_submit_with_passport" time="2.918" /><testcase classname="backend.tests.test_signup_verification_flow.TestVerificationSubmission" name="test_verification_submit_with_driving_license" time="1.727" /><testcase classname="backend.tests.test_signup_verification_flow.TestVerificationSubmission" name="test_verification_requires_id_front_and_selfie" time="0.475" /><testcase classname="backend.tests.test_signup_verification_flow.TestVerificationStatus" name="test_verification_status_requires_auth" time="0.139" /><testcase classname="backend.tests.test_signup_verification_flow.TestVerificationStatus" name="test_verification_status_returns_user_status" time="0.509" /><testcase classname="backend.tests.test_signup_verification_flow.TestSkipVerification" name="test_user_can_access_dashboard_without_verification" time="0.463" /><testcase classname="backend.tests.test_signup_verification_flow.TestVerificationResultStates" name="test_result_states_defined" time="0.000" /><testcase classname="backend.tests.test_signup_verification_flow.TestAdminLogin" name="test_admin_login_works" time="0.348" /></testsuite></testsuites>