<?xml version="1.0" encoding="utf-8"?><testsuites name="pytest tests"><testsuite name="pytest" errors="0" failures="0" skipped="0" tests="17" time="2.979" timestamp="2026-03-03T12:59:59.655665+00:00" hostname="agent-env-5617389b-d817-4915-b9a4-3b130b41486f"><testcase classname="backend.tests.test_new_features_v2.TestFeaturedHelpers" name="test_featured_helpers_endpoint" time="0.121" /><testcase classname="backend.tests.test_new_features_v2.TestFeaturedHelpers" name="test_featured_helpers_with_limit" time="0.107" /><testcase classname="backend.tests.test_new_features_v2.TestFeaturedHelpers" name="test_featured_helpers_data_structure" time="0.113" /><testcase classname="backend.tests.test_new_features_v2.TestSeasonalPricing" name="test_seasonal_pricing_endpoint" time="0.099" /><testcase classname="backend.tests.test_new_features_v2.TestSeasonalPricing" name="test_seasonal_pricing_has_categories" time="0.113" /><testcase classname="backend.tests.test_new_features_v2.TestSeasonalPricing" name="test_category_pricing_endpoint" time="0.108" /><testcase classname="backend.tests.test_new_features_v2.TestSeasonalPricing" name="test_category_pricing_invalid_category" time="0.106" /><testcase classname="backend.tests.test_new_features_v2.TestNotificationsAPI" name="test_notifications_requires_auth" time="0.098" /><testcase classname="backend.tests.test_new_features_v2.TestNotificationsAPI" name="test_notifications_authenticated" time="0.431" /><testcase classname="backend.tests.test_new_features_v2.TestNotificationsAPI" name="test_notifications_unread_filter" time="0.466" /><testcase classname="backend.tests.test_new_features_v2.TestNotificationsAPI" name="test_mark_notification_read_requires_auth" time="0.101" /><testcase classname="backend.tests.test_new_features_v2.TestNotificationsAPI" name="test_mark_all_read_requires_auth" time="0.113" /><testcase classname="backend.tests.test_new_features_v2.TestNotificationsAPI" name="test_mark_all_read_authenticated" time="0.480" /><testcase classname="backend.tests.test_new_features_v2.TestHelpersEndpoint" name="test_helpers_list" time="0.104" /><testcase classname="backend.tests.test_new_features_v2.TestHelpersEndpoint" name="test_helpers_with_ratings" time="0.112" /><testcase classname="backend.tests.test_new_features_v2.TestEmailServiceMocked" name="test_api_root_accessible" time="0.118" /><testcase classname="backend.tests.test_new_features_v2.TestEmailServiceMocked" name="test_booking_endpoint_exists" time="0.133" /></testsuite></testsuites>