<?xml version="1.0" encoding="utf-8"?><testsuites name="pytest tests"><testsuite name="pytest" errors="0" failures="0" skipped="0" tests="16" time="9.134" timestamp="2026-03-07T21:41:33.622700+00:00" hostname="agent-env-904f97ff-4298-4182-ad21-5deee0aa6444"><testcase classname="backend.tests.test_verification_flow.TestVerificationSubmission" name="test_verification_submit_requires_auth" time="0.585" /><testcase classname="backend.tests.test_verification_flow.TestVerificationSubmission" name="test_verification_submit_passport" time="0.454" /><testcase classname="backend.tests.test_verification_flow.TestVerificationSubmission" name="test_verification_status_check" time="0.507" /><testcase classname="backend.tests.test_verification_flow.TestAdminVerificationReview" name="test_admin_get_verifications_requires_admin" time="0.802" /><testcase classname="backend.tests.test_verification_flow.TestAdminVerificationReview" name="test_admin_get_verifications_list" time="0.458" /><testcase classname="backend.tests.test_verification_flow.TestAdminVerificationReview" name="test_admin_get_verification_detail" time="0.483" /><testcase classname="backend.tests.test_verification_flow.TestAdminVerificationReview" name="test_admin_get_verification_detail_not_found" time="0.400" /><testcase classname="backend.tests.test_verification_flow.TestVerificationApprovalRejection" name="test_admin_approve_verification" time="0.867" /><testcase classname="backend.tests.test_verification_flow.TestVerificationApprovalRejection" name="test_admin_reject_verification" time="0.942" /><testcase classname="backend.tests.test_verification_flow.TestVerificationApprovalRejection" name="test_admin_reject_requires_reason" time="0.815" /><testcase classname="backend.tests.test_verification_flow.TestVerificationApprovalRejection" name="test_admin_invalid_status" time="0.829" /><testcase classname="backend.tests.test_verification_flow.TestVerificationIDTypes" name="test_passport_verification" time="0.488" /><testcase classname="backend.tests.test_verification_flow.TestVerificationIDTypes" name="test_driving_license_verification" time="0.386" /><testcase classname="backend.tests.test_verification_flow.TestVerificationIDTypes" name="test_national_id_verification" time="0.397" /><testcase classname="backend.tests.test_verification_flow.TestAPIHealth" name="test_api_root" time="0.265" /><testcase classname="backend.tests.test_verification_flow.TestAPIHealth" name="test_admin_login" time="0.378" /></testsuite></testsuites>