<?xml version="1.0" encoding="utf-8"?><testsuites name="pytest tests"><testsuite name="pytest" errors="0" failures="0" skipped="0" tests="22" time="11.112" timestamp="2026-03-08T15:13:47.109302+00:00" hostname="agent-env-904f97ff-4298-4182-ad21-5deee0aa6444"><testcase classname="backend.tests.test_admin_panel.TestAdminAuthentication" name="test_admin_login_nabeel" time="0.368" /><testcase classname="backend.tests.test_admin_panel.TestAdminAuthentication" name="test_admin_login_alt" time="0.331" /><testcase classname="backend.tests.test_admin_panel.TestAdminAuthentication" name="test_non_admin_cannot_access_admin_endpoints" time="0.427" /><testcase classname="backend.tests.test_admin_panel.TestAdminDashboardStats" name="test_dashboard_stats_endpoint" time="0.435" /><testcase classname="backend.tests.test_admin_panel.TestAdminDashboardStats" name="test_dashboard_activity_endpoint" time="0.444" /><testcase classname="backend.tests.test_admin_panel.TestAdminDashboardStats" name="test_dashboard_charts_endpoint" time="0.454" /><testcase classname="backend.tests.test_admin_panel.TestAdminUserManagement" name="test_get_users_list" time="0.465" /><testcase classname="backend.tests.test_admin_panel.TestAdminUserManagement" name="test_get_users_with_search_filter" time="0.435" /><testcase classname="backend.tests.test_admin_panel.TestAdminUserManagement" name="test_get_users_with_role_filter" time="0.435" /><testcase classname="backend.tests.test_admin_panel.TestAdminUserManagement" name="test_get_users_with_status_filter" time="0.436" /><testcase classname="backend.tests.test_admin_panel.TestAdminUserManagement" name="test_get_user_detail" time="0.554" /><testcase classname="backend.tests.test_admin_panel.TestAdminUserManagement" name="test_suspend_and_activate_user" time="0.893" /><testcase classname="backend.tests.test_admin_panel.TestAdminJobManagement" name="test_get_jobs_list" time="0.426" /><testcase classname="backend.tests.test_admin_panel.TestAdminJobManagement" name="test_get_jobs_with_search" time="0.445" /><testcase classname="backend.tests.test_admin_panel.TestAdminJobManagement" name="test_get_jobs_with_status_filter" time="0.439" /><testcase classname="backend.tests.test_admin_panel.TestAdminJobManagement" name="test_get_job_detail" time="0.557" /><testcase classname="backend.tests.test_admin_panel.TestAdminJobManagement" name="test_update_job_status_to_removed" time="0.841" /><testcase classname="backend.tests.test_admin_panel.TestAdminBookings" name="test_get_bookings_list" time="0.451" /><testcase classname="backend.tests.test_admin_panel.TestAdminBookings" name="test_get_bookings_with_status_filter" time="0.771" /><testcase classname="backend.tests.test_admin_panel.TestAdminVerifications" name="test_get_verifications_list" time="0.449" /><testcase classname="backend.tests.test_admin_panel.TestAdminVerifications" name="test_get_verification_detail" time="0.560" /><testcase classname="backend.tests.test_admin_panel.TestAdminReports" name="test_get_reports_list" time="0.434" /></testsuite></testsuites>