<?xml version="1.0" encoding="utf-8"?><testsuites name="pytest tests"><testsuite name="pytest" errors="0" failures="0" skipped="0" tests="22" time="9.193" timestamp="2026-03-03T12:35:16.368181+00:00" hostname="agent-env-5617389b-d817-4915-b9a4-3b130b41486f"><testcase classname="backend.tests.test_new_features.TestBasicConnectivity" name="test_api_root_accessible" time="0.250" /><testcase classname="backend.tests.test_new_features.TestAuthentication" name="test_login_customer" time="0.335" /><testcase classname="backend.tests.test_new_features.TestAuthentication" name="test_register_new_user_for_testing" time="0.342" /><testcase classname="backend.tests.test_new_features.TestReportUserFeature" name="test_report_user_success" time="0.466" /><testcase classname="backend.tests.test_new_features.TestReportUserFeature" name="test_report_user_without_auth_fails" time="0.103" /><testcase classname="backend.tests.test_new_features.TestReportUserFeature" name="test_report_user_harassment_reason" time="0.470" /><testcase classname="backend.tests.test_new_features.TestReportUserFeature" name="test_report_user_minimal_data" time="0.437" /><testcase classname="backend.tests.test_new_features.TestReviewSystem" name="test_create_review_success" time="0.669" /><testcase classname="backend.tests.test_new_features.TestReviewSystem" name="test_create_review_without_auth_fails" time="0.242" /><testcase classname="backend.tests.test_new_features.TestReviewSystem" name="test_get_helper_reviews" time="0.239" /><testcase classname="backend.tests.test_new_features.TestHelpersList" name="test_get_helpers_list" time="0.095" /><testcase classname="backend.tests.test_new_features.TestHelpersList" name="test_get_helpers_with_category_filter" time="0.118" /><testcase classname="backend.tests.test_new_features.TestHelpersList" name="test_get_helpers_with_postcode_filter" time="0.133" /><testcase classname="backend.tests.test_new_features.TestHelpersList" name="test_get_helper_profile" time="0.221" /><testcase classname="backend.tests.test_new_features.TestMessagingSystem" name="test_create_conversation" time="0.772" /><testcase classname="backend.tests.test_new_features.TestMessagingSystem" name="test_send_and_get_messages" time="1.020" /><testcase classname="backend.tests.test_new_features.TestMessagingSystem" name="test_get_conversations_list" time="0.869" /><testcase classname="backend.tests.test_new_features.TestMessagingSystem" name="test_message_access_denied_for_non_participant" time="1.278" /><testcase classname="backend.tests.test_new_features.TestAdminReports" name="test_admin_can_view_reports" time="0.422" /><testcase classname="backend.tests.test_new_features.TestAdminReports" name="test_non_admin_cannot_view_reports" time="0.420" /><testcase classname="backend.tests.test_new_features.TestCategories" name="test_get_all_categories" time="0.100" /><testcase classname="backend.tests.test_new_features.TestCategories" name="test_get_popular_categories_by_region" time="0.101" /></testsuite></testsuites>