<?xml version="1.0" encoding="utf-8"?><testsuites name="pytest tests"><testsuite name="pytest" errors="0" failures="0" skipped="0" tests="18" time="4.345" timestamp="2026-03-03T11:38:20.036591+00:00" hostname="agent-env-5617389b-d817-4915-b9a4-3b130b41486f"><testcase classname="backend.tests.test_admin_payments.TestAdminAuthentication" name="test_admin_login" time="0.366" /><testcase classname="backend.tests.test_admin_payments.TestAdminAuthentication" name="test_admin_wrong_password" time="0.330" /><testcase classname="backend.tests.test_admin_payments.TestAdminPaymentsEndpoint" name="test_get_all_payments" time="0.465" /><testcase classname="backend.tests.test_admin_payments.TestAdminPaymentsEndpoint" name="test_filter_held_payments" time="0.098" /><testcase classname="backend.tests.test_admin_payments.TestAdminPaymentsEndpoint" name="test_filter_released_payments" time="0.102" /><testcase classname="backend.tests.test_admin_payments.TestAdminPaymentsEndpoint" name="test_filter_refunded_payments" time="0.102" /><testcase classname="backend.tests.test_admin_payments.TestAdminPaymentsEndpoint" name="test_payment_transaction_data_structure" time="0.115" /><testcase classname="backend.tests.test_admin_payments.TestCheckoutFlow" name="test_create_booking" time="0.432" /><testcase classname="backend.tests.test_admin_payments.TestCheckoutFlow" name="test_create_checkout_session" time="0.674" /><testcase classname="backend.tests.test_admin_payments.TestTransactionAmounts" name="test_transaction_amount_calculation" time="0.649" /><testcase classname="backend.tests.test_admin_payments.TestReleasePayment" name="test_release_requires_held_status" time="0.150" /><testcase classname="backend.tests.test_admin_payments.TestReleasePayment" name="test_release_nonexistent_transaction" time="0.105" /><testcase classname="backend.tests.test_admin_payments.TestRefundPayment" name="test_refund_requires_held_status" time="0.150" /><testcase classname="backend.tests.test_admin_payments.TestRefundPayment" name="test_refund_nonexistent_transaction" time="0.112" /><testcase classname="backend.tests.test_admin_payments.TestNonAdminAccess" name="test_customer_can_access_admin_payments" time="0.100" /><testcase classname="backend.tests.test_admin_payments.TestUnauthenticatedAccess" name="test_admin_payments_requires_auth" time="0.101" /><testcase classname="backend.tests.test_admin_payments.TestUnauthenticatedAccess" name="test_release_requires_auth" time="0.108" /><testcase classname="backend.tests.test_admin_payments.TestUnauthenticatedAccess" name="test_refund_requires_auth" time="0.099" /></testsuite></testsuites>