<?xml version="1.0" encoding="utf-8"?><testsuites name="pytest tests"><testsuite name="pytest" errors="0" failures="0" skipped="0" tests="16" time="7.399" timestamp="2026-03-07T20:52:01.755491+00:00" hostname="agent-env-5617389b-d817-4915-b9a4-3b130b41486f"><testcase classname="backend.tests.test_booking_requests.TestBookingRequestFlow" name="test_create_booking_requires_auth" time="0.217" /><testcase classname="backend.tests.test_booking_requests.TestBookingRequestFlow" name="test_create_booking_success" time="0.480" /><testcase classname="backend.tests.test_booking_requests.TestBookingRequestFlow" name="test_create_booking_with_bank_transfer" time="0.506" /><testcase classname="backend.tests.test_booking_requests.TestBookingRequestFlow" name="test_get_customer_bookings" time="0.465" /><testcase classname="backend.tests.test_booking_requests.TestHelperBookingsAPI" name="test_helper_bookings_requires_auth" time="0.108" /><testcase classname="backend.tests.test_booking_requests.TestHelperBookingsAPI" name="test_helper_bookings_for_non_helper" time="0.438" /><testcase classname="backend.tests.test_booking_requests.TestBookingStatusUpdates" name="test_update_status_requires_auth" time="0.571" /><testcase classname="backend.tests.test_booking_requests.TestBookingStatusUpdates" name="test_update_status_invalid_booking" time="0.438" /><testcase classname="backend.tests.test_booking_requests.TestBookingStatusUpdates" name="test_update_status_invalid_status" time="0.544" /><testcase classname="backend.tests.test_booking_requests.TestBookingStatusUpdates" name="test_customer_can_cancel_booking" time="0.619" /><testcase classname="backend.tests.test_booking_requests.TestBookingStatusValidValues" name="test_valid_status_pending" time="0.461" /><testcase classname="backend.tests.test_booking_requests.TestBookingStatusValidValues" name="test_valid_status_confirmed" time="0.643" /><testcase classname="backend.tests.test_booking_requests.TestBookingStatusValidValues" name="test_valid_status_declined" time="0.579" /><testcase classname="backend.tests.test_booking_requests.TestBookingStatusValidValues" name="test_valid_status_completed" time="0.703" /><testcase classname="backend.tests.test_booking_requests.TestEmailNotificationsMocked" name="test_api_is_running" time="0.130" /><testcase classname="backend.tests.test_booking_requests.TestEmailNotificationsMocked" name="test_booking_creation_triggers_notification_log" time="0.431" /></testsuite></testsuites>